# JRE version: OpenJDK Runtime Environment Temurin-21.0.8+9 (21.0.8+9) (build 21.0.8+9-LTS)
# Java VM: OpenJDK 64-Bit Server VM Temurin-21.0.8+9 (21.0.8+9-LTS, mixed mode, sharing, tiered, compressed oops, compressed class ptrs, parallel gc, windows-amd64)
GC Precious Log:
 CardTable entry size: 512
 CPUs: 12 total, 12 available
 Memory: 7563M
 Large Page Support: Disabled
 NUMA Support: Disabled
 Compressed Oops: Enabled (32-bit)
 Alignments: Space 512K, Generation 512K, Heap 2M
 Heap Min Capacity: 100M
 Heap Initial Capacity: 100M
 Heap Max Capacity: 2G
 Pre-touch: Disabled
 Parallel Workers: 10
Heap:
 PSYoungGen      total 4096K, used 2628K [0x00000000d5580000, 0x00000000d5c00000, 0x0000000100000000)
  eden space 2560K, 53% used [0x00000000d5580000,0x00000000d56d9158,0x00000000d5800000)
  from space 1536K, 81% used [0x00000000d5a80000,0x00000000d5bb8000,0x00000000d5c00000)
  to   space 2048K, 0% used [0x00000000d5800000,0x00000000d5800000,0x00000000d5a00000)
 ParOldGen       total 538624K, used 538122K [0x0000000080000000, 0x00000000a0e00000, 0x00000000d5580000)
  object space 538624K, 99% used [0x0000000080000000,0x00000000a0d82ab0,0x00000000a0e00000)
 Metaspace       used 72876K, committed 74368K, reserved 1179648K
  class space    used 7764K, committed 8448K, reserved 1048576K
GC Heap History (20 events):
Event: 145.189 GC heap before
{Heap before GC invocations=548 (full 3):
 PSYoungGen      total 3584K, used 3505K [0x00000000d5580000, 0x00000000d5b80000, 0x0000000100000000)
  eden space 2048K, 100% used [0x00000000d5580000,0x00000000d5780000,0x00000000d5780000)
  from space 1536K, 94% used [0x00000000d5a00000,0x00000000d5b6c770,0x00000000d5b80000)
  to   space 2048K, 0% used [0x00000000d5780000,0x00000000d5780000,0x00000000d5980000)
 ParOldGen       total 530944K, used 530440K [0x0000000080000000, 0x00000000a0680000, 0x00000000d5580000)
  object space 530944K, 99% used [0x0000000080000000,0x00000000a0602000,0x00000000a0680000)
 Metaspace       used 72723K, committed 74240K, reserved 1179648K
  class space    used 7760K, committed 8448K, reserved 1048576K
}
Event: 145.191 GC heap after
{Heap after GC invocations=548 (full 3):
 PSYoungGen      total 4096K, used 416K [0x00000000d5580000, 0x00000000d5a80000, 0x0000000100000000)
  eden space 2048K, 0% used [0x00000000d5580000,0x00000000d5580000,0x00000000d5780000)
  from space 2048K, 20% used [0x00000000d5780000,0x00000000d57e8020,0x00000000d5980000)
  to   space 1024K, 0% used [0x00000000d5980000,0x00000000d5980000,0x00000000d5a80000)
 ParOldGen       total 531456K, used 531441K [0x0000000080000000, 0x00000000a0700000, 0x00000000d5580000)
  object space 531456K, 99% used [0x0000000080000000,0x00000000a06fc770,0x00000000a0700000)
 Metaspace       used 72723K, committed 74240K, reserved 1179648K
  class space    used 7760K, committed 8448K, reserved 1048576K
}
Event: 145.446 GC heap before
{Heap before GC invocations=549 (full 3):
 PSYoungGen      total 4096K, used 2464K [0x00000000d5580000, 0x00000000d5a80000, 0x0000000100000000)
  eden space 2048K, 99% used [0x00000000d5580000,0x00000000d577fff0,0x00000000d5780000)
  from space 2048K, 20% used [0x00000000d5780000,0x00000000d57e8020,0x00000000d5980000)
  to   space 1024K, 0% used [0x00000000d5980000,0x00000000d5980000,0x00000000d5a80000)
 ParOldGen       total 531456K, used 531441K [0x0000000080000000, 0x00000000a0700000, 0x00000000d5580000)
  object space 531456K, 99% used [0x0000000080000000,0x00000000a06fc770,0x00000000a0700000)
 Metaspace       used 72732K, committed 74240K, reserved 1179648K
  class space    used 7760K, committed 8448K, reserved 1048576K
}
Event: 145.447 GC heap after
{Heap after GC invocations=549 (full 3):
 PSYoungGen      total 2560K, used 432K [0x00000000d5580000, 0x00000000d5a00000, 0x0000000100000000)
  eden space 2048K, 0% used [0x00000000d5580000,0x00000000d5580000,0x00000000d5780000)
  from space 512K, 84% used [0x00000000d5980000,0x00000000d59ec010,0x00000000d5a00000)
  to   space 512K, 0% used [0x00000000d5900000,0x00000000d5900000,0x00000000d5980000)
 ParOldGen       total 531968K, used 531585K [0x0000000080000000, 0x00000000a0780000, 0x00000000d5580000)
  object space 531968K, 99% used [0x0000000080000000,0x00000000a0720790,0x00000000a0780000)
 Metaspace       used 72732K, committed 74240K, reserved 1179648K
  class space    used 7760K, committed 8448K, reserved 1048576K
}
Event: 145.725 GC heap before
{Heap before GC invocations=550 (full 3):
 PSYoungGen      total 2560K, used 2480K [0x00000000d5580000, 0x00000000d5a00000, 0x0000000100000000)
  eden space 2048K, 100% used [0x00000000d5580000,0x00000000d5780000,0x00000000d5780000)
  from space 512K, 84% used [0x00000000d5980000,0x00000000d59ec010,0x00000000d5a00000)
  to   space 512K, 0% used [0x00000000d5900000,0x00000000d5900000,0x00000000d5980000)
 ParOldGen       total 531968K, used 531585K [0x0000000080000000, 0x00000000a0780000, 0x00000000d5580000)
  object space 531968K, 99% used [0x0000000080000000,0x00000000a0720790,0x00000000a0780000)
 Metaspace       used 72746K, committed 74240K, reserved 1179648K
  class space    used 7760K, committed 8448K, reserved 1048576K
}
Event: 145.727 GC heap after
{Heap after GC invocations=550 (full 3):
 PSYoungGen      total 2560K, used 256K [0x00000000d5580000, 0x00000000d5a00000, 0x0000000100000000)
  eden space 2048K, 0% used [0x00000000d5580000,0x00000000d5580000,0x00000000d5780000)
  from space 512K, 50% used [0x00000000d5900000,0x00000000d5940000,0x00000000d5980000)
  to   space 512K, 0% used [0x00000000d5980000,0x00000000d5980000,0x00000000d5a00000)
 ParOldGen       total 531968K, used 531633K [0x0000000080000000, 0x00000000a0780000, 0x00000000d5580000)
  object space 531968K, 99% used [0x0000000080000000,0x00000000a072c790,0x00000000a0780000)
 Metaspace       used 72746K, committed 74240K, reserved 1179648K
  class space    used 7760K, committed 8448K, reserved 1048576K
}
Event: 145.736 GC heap before
{Heap before GC invocations=551 (full 3):
 PSYoungGen      total 2560K, used 2303K [0x00000000d5580000, 0x00000000d5a00000, 0x0000000100000000)
  eden space 2048K, 99% used [0x00000000d5580000,0x00000000d577ff78,0x00000000d5780000)
  from space 512K, 50% used [0x00000000d5900000,0x00000000d5940000,0x00000000d5980000)
  to   space 512K, 0% used [0x00000000d5980000,0x00000000d5980000,0x00000000d5a00000)
 ParOldGen       total 531968K, used 531633K [0x0000000080000000, 0x00000000a0780000, 0x00000000d5580000)
  object space 531968K, 99% used [0x0000000080000000,0x00000000a072c790,0x00000000a0780000)
 Metaspace       used 72764K, committed 74240K, reserved 1179648K
  class space    used 7760K, committed 8448K, reserved 1048576K
}
Event: 145.737 GC heap after
{Heap after GC invocations=551 (full 3):
 PSYoungGen      total 2560K, used 224K [0x00000000d5580000, 0x00000000d5a00000, 0x0000000100000000)
  eden space 2048K, 0% used [0x00000000d5580000,0x00000000d5580000,0x00000000d5780000)
  from space 512K, 43% used [0x00000000d5980000,0x00000000d59b8000,0x00000000d5a00000)
  to   space 512K, 0% used [0x00000000d5900000,0x00000000d5900000,0x00000000d5980000)
 ParOldGen       total 531968K, used 531697K [0x0000000080000000, 0x00000000a0780000, 0x00000000d5580000)
  object space 531968K, 99% used [0x0000000080000000,0x00000000a073c790,0x00000000a0780000)
 Metaspace       used 72764K, committed 74240K, reserved 1179648K
  class space    used 7760K, committed 8448K, reserved 1048576K
}
Event: 146.383 GC heap before
{Heap before GC invocations=552 (full 3):
 PSYoungGen      total 2560K, used 2272K [0x00000000d5580000, 0x00000000d5a00000, 0x0000000100000000)
  eden space 2048K, 100% used [0x00000000d5580000,0x00000000d5780000,0x00000000d5780000)
  from space 512K, 43% used [0x00000000d5980000,0x00000000d59b8000,0x00000000d5a00000)
  to   space 512K, 0% used [0x00000000d5900000,0x00000000d5900000,0x00000000d5980000)
 ParOldGen       total 531968K, used 531697K [0x0000000080000000, 0x00000000a0780000, 0x00000000d5580000)
  object space 531968K, 99% used [0x0000000080000000,0x00000000a073c790,0x00000000a0780000)
 Metaspace       used 72765K, committed 74240K, reserved 1179648K
  class space    used 7760K, committed 8448K, reserved 1048576K
}
Event: 146.385 GC heap after
{Heap after GC invocations=552 (full 3):
 PSYoungGen      total 2560K, used 510K [0x00000000d5580000, 0x00000000d5a80000, 0x0000000100000000)
  eden space 2048K, 0% used [0x00000000d5580000,0x00000000d5580000,0x00000000d5780000)
  from space 512K, 99% used [0x00000000d5900000,0x00000000d597fba8,0x00000000d5980000)
  to   space 1024K, 0% used [0x00000000d5980000,0x00000000d5980000,0x00000000d5a80000)
 ParOldGen       total 532480K, used 532096K [0x0000000080000000, 0x00000000a0800000, 0x00000000d5580000)
  object space 532480K, 99% used [0x0000000080000000,0x00000000a07a0338,0x00000000a0800000)
 Metaspace       used 72765K, committed 74240K, reserved 1179648K
  class space    used 7760K, committed 8448K, reserved 1048576K
}
Event: 146.388 GC heap before
{Heap before GC invocations=553 (full 3):
 PSYoungGen      total 2560K, used 2558K [0x00000000d5580000, 0x00000000d5a80000, 0x0000000100000000)
  eden space 2048K, 100% used [0x00000000d5580000,0x00000000d5780000,0x00000000d5780000)
  from space 512K, 99% used [0x00000000d5900000,0x00000000d597fba8,0x00000000d5980000)
  to   space 1024K, 0% used [0x00000000d5980000,0x00000000d5980000,0x00000000d5a80000)
 ParOldGen       total 532480K, used 532096K [0x0000000080000000, 0x00000000a0800000, 0x00000000d5580000)
  object space 532480K, 99% used [0x0000000080000000,0x00000000a07a0338,0x00000000a0800000)
 Metaspace       used 72765K, committed 74240K, reserved 1179648K
  class space    used 7760K, committed 8448K, reserved 1048576K
}
Event: 146.391 GC heap after
{Heap after GC invocations=553 (full 3):
 PSYoungGen      total 2048K, used 1024K [0x00000000d5580000, 0x00000000d5d80000, 0x0000000100000000)
  eden space 1024K, 0% used [0x00000000d5580000,0x00000000d5580000,0x00000000d5680000)
  from space 1024K, 100% used [0x00000000d5980000,0x00000000d5a80000,0x00000000d5a80000)
  to   space 3072K, 0% used [0x00000000d5680000,0x00000000d5680000,0x00000000d5980000)
 ParOldGen       total 533504K, used 533500K [0x0000000080000000, 0x00000000a0900000, 0x00000000d5580000)
  object space 533504K, 99% used [0x0000000080000000,0x00000000a08ff360,0x00000000a0900000)
 Metaspace       used 72765K, committed 74240K, reserved 1179648K
  class space    used 7760K, committed 8448K, reserved 1048576K
}
Event: 146.394 GC heap before
{Heap before GC invocations=554 (full 3):
 PSYoungGen      total 2048K, used 2048K [0x00000000d5580000, 0x00000000d5d80000, 0x0000000100000000)
  eden space 1024K, 100% used [0x00000000d5580000,0x00000000d5680000,0x00000000d5680000)
  from space 1024K, 100% used [0x00000000d5980000,0x00000000d5a80000,0x00000000d5a80000)
  to   space 3072K, 0% used [0x00000000d5680000,0x00000000d5680000,0x00000000d5980000)
 ParOldGen       total 533504K, used 533500K [0x0000000080000000, 0x00000000a0900000, 0x00000000d5580000)
  object space 533504K, 99% used [0x0000000080000000,0x00000000a08ff360,0x00000000a0900000)
 Metaspace       used 72765K, committed 74240K, reserved 1179648K
  class space    used 7760K, committed 8448K, reserved 1048576K
}
Event: 146.396 GC heap after
{Heap after GC invocations=554 (full 3):
 PSYoungGen      total 2560K, used 1088K [0x00000000d5580000, 0x00000000d5b00000, 0x0000000100000000)
  eden space 1024K, 0% used [0x00000000d5580000,0x00000000d5580000,0x00000000d5680000)
  from space 1536K, 70% used [0x00000000d5680000,0x00000000d5790000,0x00000000d5800000)
  to   space 2048K, 0% used [0x00000000d5900000,0x00000000d5900000,0x00000000d5b00000)
 ParOldGen       total 535040K, used 534572K [0x0000000080000000, 0x00000000a0a80000, 0x00000000d5580000)
  object space 535040K, 99% used [0x0000000080000000,0x00000000a0a0b360,0x00000000a0a80000)
 Metaspace       used 72765K, committed 74240K, reserved 1179648K
  class space    used 7760K, committed 8448K, reserved 1048576K
}
Event: 146.399 GC heap before
{Heap before GC invocations=555 (full 3):
 PSYoungGen      total 2560K, used 2112K [0x00000000d5580000, 0x00000000d5b00000, 0x0000000100000000)
  eden space 1024K, 100% used [0x00000000d5580000,0x00000000d5680000,0x00000000d5680000)
  from space 1536K, 70% used [0x00000000d5680000,0x00000000d5790000,0x00000000d5800000)
  to   space 2048K, 0% used [0x00000000d5900000,0x00000000d5900000,0x00000000d5b00000)
 ParOldGen       total 535040K, used 534572K [0x0000000080000000, 0x00000000a0a80000, 0x00000000d5580000)
  object space 535040K, 99% used [0x0000000080000000,0x00000000a0a0b360,0x00000000a0a80000)
 Metaspace       used 72766K, committed 74240K, reserved 1179648K
  class space    used 7760K, committed 8448K, reserved 1048576K
}
Event: 146.401 GC heap after
{Heap after GC invocations=555 (full 3):
 PSYoungGen      total 3072K, used 1181K [0x00000000d5580000, 0x00000000d5a80000, 0x0000000100000000)
  eden space 1536K, 0% used [0x00000000d5580000,0x00000000d5580000,0x00000000d5700000)
  from space 1536K, 76% used [0x00000000d5900000,0x00000000d5a27750,0x00000000d5a80000)
  to   space 1536K, 0% used [0x00000000d5780000,0x00000000d5780000,0x00000000d5900000)
 ParOldGen       total 536064K, used 535564K [0x0000000080000000, 0x00000000a0b80000, 0x00000000d5580000)
  object space 536064K, 99% used [0x0000000080000000,0x00000000a0b03360,0x00000000a0b80000)
 Metaspace       used 72766K, committed 74240K, reserved 1179648K
  class space    used 7760K, committed 8448K, reserved 1048576K
}
Event: 146.404 GC heap before
{Heap before GC invocations=556 (full 3):
 PSYoungGen      total 3072K, used 2717K [0x00000000d5580000, 0x00000000d5a80000, 0x0000000100000000)
  eden space 1536K, 100% used [0x00000000d5580000,0x00000000d5700000,0x00000000d5700000)
  from space 1536K, 76% used [0x00000000d5900000,0x00000000d5a27750,0x00000000d5a80000)
  to   space 1536K, 0% used [0x00000000d5780000,0x00000000d5780000,0x00000000d5900000)
 ParOldGen       total 536064K, used 535564K [0x0000000080000000, 0x00000000a0b80000, 0x00000000d5580000)
  object space 536064K, 99% used [0x0000000080000000,0x00000000a0b03360,0x00000000a0b80000)
 Metaspace       used 72766K, committed 74240K, reserved 1179648K
  class space    used 7760K, committed 8448K, reserved 1048576K
}
Event: 146.406 GC heap after
{Heap after GC invocations=556 (full 3):
 PSYoungGen      total 3584K, used 1536K [0x00000000d5580000, 0x00000000d5d80000, 0x0000000100000000)
  eden space 2048K, 0% used [0x00000000d5580000,0x00000000d5580000,0x00000000d5780000)
  from space 1536K, 100% used [0x00000000d5780000,0x00000000d5900000,0x00000000d5900000)
  to   space 3072K, 0% used [0x00000000d5a80000,0x00000000d5a80000,0x00000000d5d80000)
 ParOldGen       total 537088K, used 536610K [0x0000000080000000, 0x00000000a0c80000, 0x00000000d5580000)
  object space 537088K, 99% used [0x0000000080000000,0x00000000a0c08ab0,0x00000000a0c80000)
 Metaspace       used 72766K, committed 74240K, reserved 1179648K
  class space    used 7760K, committed 8448K, reserved 1048576K
}
Event: 205.508 GC heap before
{Heap before GC invocations=557 (full 3):
 PSYoungGen      total 3584K, used 3584K [0x00000000d5580000, 0x00000000d5d80000, 0x0000000100000000)
  eden space 2048K, 100% used [0x00000000d5580000,0x00000000d5780000,0x00000000d5780000)
  from space 1536K, 100% used [0x00000000d5780000,0x00000000d5900000,0x00000000d5900000)
  to   space 3072K, 0% used [0x00000000d5a80000,0x00000000d5a80000,0x00000000d5d80000)
 ParOldGen       total 537088K, used 536610K [0x0000000080000000, 0x00000000a0c80000, 0x00000000d5580000)
  object space 537088K, 99% used [0x0000000080000000,0x00000000a0c08ab0,0x00000000a0c80000)
 Metaspace       used 72767K, committed 74240K, reserved 1179648K
  class space    used 7760K, committed 8448K, reserved 1048576K
}
Event: 205.524 GC heap after
{Heap after GC invocations=557 (full 3):
 PSYoungGen      total 4096K, used 1248K [0x00000000d5580000, 0x00000000d5c00000, 0x0000000100000000)
  eden space 2560K, 0% used [0x00000000d5580000,0x00000000d5580000,0x00000000d5800000)
  from space 1536K, 81% used [0x00000000d5a80000,0x00000000d5bb8000,0x00000000d5c00000)
  to   space 2048K, 0% used [0x00000000d5800000,0x00000000d5800000,0x00000000d5a00000)
 ParOldGen       total 538624K, used 538122K [0x0000000080000000, 0x00000000a0e00000, 0x00000000d5580000)
  object space 538624K, 99% used [0x0000000080000000,0x00000000a0d82ab0,0x00000000a0e00000)
 Metaspace       used 72767K, committed 74240K, reserved 1179648K
  class space    used 7760K, committed 8448K, reserved 1048576K
}

